0 info it worked if it ends with ok
1 verbose cli [ 'C:\\Program Files\\nodejs\\\\node.exe',
1 verbose cli   'C:\\Program Files\\nodejs\\node_modules\\npm\\bin\\npm-cli.js',
1 verbose cli   'install',
1 verbose cli   'tweenlite' ]
2 info using npm@1.4.28
3 info using node@v0.10.32
4 verbose node symlink C:\Program Files\nodejs\\node.exe
5 warn package.json frcgs-helperjs@0.0.1 No repository field.
6 warn package.json frcgs-helperjs@0.0.1 No README data
7 warn package.json fs@0.0.2 fs is also the name of a node core module.
8 warn package.json fs@0.0.2 No description
9 warn package.json fs@0.0.2 No repository field.
10 warn package.json fs@0.0.2 No README data
11 warn package.json url@0.10.1 url is also the name of a node core module.
12 warn package.json http@0.0.0 http is also the name of a node core module.
13 warn package.json http@0.0.0 No description
14 warn package.json http@0.0.0 No repository field.
15 warn package.json http@0.0.0 No README data
16 verbose readDependencies using package.json deps
17 verbose cache add [ 'tweenlite', null ]
18 verbose cache add name=undefined spec="tweenlite" args=["tweenlite",null]
19 verbose parsed url { protocol: null,
19 verbose parsed url   slashes: null,
19 verbose parsed url   auth: null,
19 verbose parsed url   host: null,
19 verbose parsed url   port: null,
19 verbose parsed url   hostname: null,
19 verbose parsed url   hash: null,
19 verbose parsed url   search: null,
19 verbose parsed url   query: null,
19 verbose parsed url   pathname: 'tweenlite',
19 verbose parsed url   path: 'tweenlite',
19 verbose parsed url   href: 'tweenlite' }
20 silly lockFile 1c96c5b9-tweenlite tweenlite
21 verbose lock tweenlite C:\Users\Steph\AppData\Roaming\npm-cache\1c96c5b9-tweenlite.lock
22 silly lockFile 1c96c5b9-tweenlite tweenlite
23 silly lockFile 1c96c5b9-tweenlite tweenlite
24 verbose addNamed [ 'tweenlite', '' ]
25 verbose addNamed [ null, '*' ]
26 silly lockFile 88c305c4-tweenlite tweenlite@
27 verbose lock tweenlite@ C:\Users\Steph\AppData\Roaming\npm-cache\88c305c4-tweenlite.lock
28 silly addNameRange { name: 'tweenlite', range: '*', hasData: false }
29 verbose request where is /tweenlite
30 verbose request registry https://registry.npmjs.org/
31 verbose request id e6c9de85364df4bf
32 verbose url raw /tweenlite
33 verbose url resolving [ 'https://registry.npmjs.org/', './tweenlite' ]
34 verbose url resolved https://registry.npmjs.org/tweenlite
35 verbose request where is https://registry.npmjs.org/tweenlite
36 info trying registry request attempt 1 at 09:26:55
37 http GET https://registry.npmjs.org/tweenlite
38 http 404 https://registry.npmjs.org/tweenlite
39 verbose headers { date: 'Thu, 06 Nov 2014 17:26:58 GMT',
39 verbose headers   server: 'CouchDB/1.5.0 (Erlang OTP/R16B03)',
39 verbose headers   'content-type': 'application/json',
39 verbose headers   'cache-control': 'max-age=0',
39 verbose headers   'content-length': '52',
39 verbose headers   'accept-ranges': 'bytes',
39 verbose headers   via: '1.1 varnish',
39 verbose headers   age: '0',
39 verbose headers   'x-served-by': 'cache-lax1429-LAX',
39 verbose headers   'x-cache': 'MISS',
39 verbose headers   'x-cache-hits': '0',
39 verbose headers   'x-timer': 'S1415294818.139183,VS0,VE179',
39 verbose headers   'keep-alive': 'timeout=10, max=50',
39 verbose headers   connection: 'Keep-Alive' }
40 silly registry.get cb [ 404,
40 silly registry.get   { date: 'Thu, 06 Nov 2014 17:26:58 GMT',
40 silly registry.get     server: 'CouchDB/1.5.0 (Erlang OTP/R16B03)',
40 silly registry.get     'content-type': 'application/json',
40 silly registry.get     'cache-control': 'max-age=0',
40 silly registry.get     'content-length': '52',
40 silly registry.get     'accept-ranges': 'bytes',
40 silly registry.get     via: '1.1 varnish',
40 silly registry.get     age: '0',
40 silly registry.get     'x-served-by': 'cache-lax1429-LAX',
40 silly registry.get     'x-cache': 'MISS',
40 silly registry.get     'x-cache-hits': '0',
40 silly registry.get     'x-timer': 'S1415294818.139183,VS0,VE179',
40 silly registry.get     'keep-alive': 'timeout=10, max=50',
40 silly registry.get     connection: 'Keep-Alive' } ]
41 silly lockFile 88c305c4-tweenlite tweenlite@
42 silly lockFile 88c305c4-tweenlite tweenlite@
43 error 404 404 Not Found: tweenlite
43 error 404
43 error 404 'tweenlite' is not in the npm registry.
43 error 404 You should bug the author to publish it
43 error 404 It was specified as a dependency of 'frcgs-helperjs'
43 error 404
43 error 404 Note that you can also install from a
43 error 404 tarball, folder, or http url, or git url.
44 error System Windows_NT 6.1.7601
45 error command "C:\\Program Files\\nodejs\\\\node.exe" "C:\\Program Files\\nodejs\\node_modules\\npm\\bin\\npm-cli.js" "install" "tweenlite"
46 error cwd D:\Code\FRCHelper-Javascript
47 error node -v v0.10.32
48 error npm -v 1.4.28
49 error code E404
50 verbose exit [ 1, true ]
